<?xml version="1.0" encoding="UTF-8"?>
<!-- Generated by org.testng.reporters.JUnitReportReporter -->
<testsuite hostname="LAPTOP-AGC8ST7A" failures="0" tests="1" name="Common.browsers" time="0.005" errors="0" timestamp="2020-02-23T10:43:41 EST" skipped="0">
  <testcase classname="Common.browsers" name="f" time="0.005"/>
</testsuite> <!-- Common.browsers -->
